<?xml version="1.0" encoding="UTF-8"?>
<!-- Generated by org.testng.reporters.JUnitReportReporter -->
<testsuite hostname="LAPTOP-LKA3284C" failures="0" tests="1" name="Day01.HeadersAndCookies" time="2.977" errors="0" timestamp="2025-06-06T16:00:46 IST" skipped="0">
  <testcase classname="Day01.HeadersAndCookies" name="getCookiesMethod" time="2.977"/>
  <system-out/>
</testsuite> <!-- Day01.HeadersAndCookies -->
