<?xml version="1.0" encoding="UTF-8"?>
<!-- Generated by org.testng.reporters.JUnitReportReporter -->
<testsuite hostname="LAPTOP-LKA3284C" failures="0" tests="1" name="Day01.postPojoRq" time="2.039" errors="0" timestamp="2025-06-06T11:09:45 IST" skipped="0">
  <testcase classname="Day01.postPojoRq" name="postMethod1" time="2.039"/>
  <system-out/>
</testsuite> <!-- Day01.postPojoRq -->
