<?xml version="1.0" encoding="UTF-8"?>
<!-- Generated by org.testng.reporters.JUnitReportReporter -->
<testsuite hostname="LAPTOP-LKA3284C" failures="0" tests="1" name="Day01.extractJSONDataUsingJsonPath" time="2.911" errors="0" timestamp="2025-06-13T18:23:39 IST" skipped="0">
  <testcase classname="Day01.extractJSONDataUsingJsonPath" name="usingJsonPathValidateJsonData" time="2.911"/>
  <system-out/>
</testsuite> <!-- Day01.extractJSONDataUsingJsonPath -->
