<?xml version="1.0" encoding="UTF-8"?>
<!-- Generated by org.testng.reporters.JUnitReportReporter -->
<testsuite hostname="LAPTOP-LKA3284C" failures="0" tests="2" name="Day01.PostReqeustInMultipleWays" time="2.756" errors="0" timestamp="2025-06-06T10:48:56 IST" skipped="0">
  <testcase classname="Day01.PostReqeustInMultipleWays" name="postMethod" time="2.703"/>
  <system-out/>
  <testcase classname="Day01.PostReqeustInMultipleWays" name="deleteMethod" time="0.053"/>
  <system-out/>
</testsuite> <!-- Day01.PostReqeustInMultipleWays -->
