<?xml version="1.0" encoding="UTF-8"?>
<!-- Generated by org.testng.reporters.JUnitReportReporter -->
<testsuite hostname="LAPTOP-LKA3284C" failures="0" tests="1" name="Day01.QueryAndPathParamter" time="2.473" errors="0" timestamp="2025-06-06T13:07:25 IST" skipped="0">
  <testcase classname="Day01.QueryAndPathParamter" name="getMethod" time="2.473"/>
  <system-out/>
</testsuite> <!-- Day01.QueryAndPathParamter -->
