<?xml version="1.0" encoding="UTF-8"?>
<!-- Generated by org.testng.reporters.JUnitReportReporter -->
<testsuite hostname="LAPTOP-LKA3284C" failures="0" tests="1" name="Day01.Authentications" time="7.578" errors="0" timestamp="2025-06-07T18:06:04 IST" skipped="0">
  <testcase classname="Day01.Authentications" name="BasicAuth" time="7.578"/>
  <system-out/>
</testsuite> <!-- Day01.Authentications -->
